This is pdfTeX, Version 3.141592653-2.6-1.40.25 (MiKTeX 24.1) (preloaded format=pdflatex 2024.12.1)  24 APR 2025 09:43
entering extended mode
 restricted \write18 enabled.
 %&-line parsing enabled.
**./vectorRaster_standalone.tex
(vectorRaster_standalone.tex
LaTeX2e <2023-11-01> patch level 1
L3 programming layer <2024-01-04>

(C:\Users\Ashutosh Mukherjee\AppData\Local\Programs\MiKTeX\tex/latex/standalone
\standalone.cls
Document Class: standalone 2022/10/10 v1.3b Class to compile TeX sub-files stan
dalone

(C:\Users\Ashutosh Mukherjee\AppData\Local\Programs\MiKTeX\tex/latex/tools\shel
lesc.sty
Package: shellesc 2023/07/08 v1.0d unified shell escape interface for LaTeX
Package shellesc Info: Restricted shell escape enabled on input line 77.
)
(C:\Users\Ashutosh Mukherjee\AppData\Local\Programs\MiKTeX\tex/generic/iftex\if
luatex.sty
Package: ifluatex 2019/10/25 v1.5 ifluatex legacy package. Use iftex instead.

(C:\Users\Ashutosh Mukherjee\AppData\Local\Programs\MiKTeX\tex/generic/iftex\if
tex.sty
Package: iftex 2022/02/03 v1.0f TeX engine tests
))
(C:\Users\Ashutosh Mukherjee\AppData\Local\Programs\MiKTeX\tex/latex/xkeyval\xk
eyval.sty
Package: xkeyval 2022/06/16 v2.9 package option processing (HA)

(C:\Users\Ashutosh Mukherjee\AppData\Local\Programs\MiKTeX\tex/generic/xkeyval\
xkeyval.tex
(C:\Users\Ashutosh Mukherjee\AppData\Local\Programs\MiKTeX\tex/generic/xkeyval\
xkvutils.tex
\XKV@toks=\toks17
\XKV@tempa@toks=\toks18

(C:\Users\Ashutosh Mukherjee\AppData\Local\Programs\MiKTeX\tex/generic/xkeyval\
keyval.tex))
\XKV@depth=\count187
File: xkeyval.tex 2014/12/03 v2.7a key=value parser (HA)
))
\sa@internal=\count188
\c@sapage=\count189

(C:\Users\Ashutosh Mukherjee\AppData\Local\Programs\MiKTeX\tex/latex/standalone
\standalone.cfg
File: standalone.cfg 2022/10/10 v1.3b Default configuration file for 'standalon
e' class
)
(C:\Users\Ashutosh Mukherjee\AppData\Local\Programs\MiKTeX\tex/latex/base\artic
le.cls
Document Class: article 2023/05/17 v1.4n Standard LaTeX document class

(C:\Users\Ashutosh Mukherjee\AppData\Local\Programs\MiKTeX\tex/latex/base\size1
0.clo
File: size10.clo 2023/05/17 v1.4n Standard LaTeX file (size option)
)
\c@part=\count190
\c@section=\count191
\c@subsection=\count192
\c@subsubsection=\count193
\c@paragraph=\count194
\c@subparagraph=\count195
\c@figure=\count196
\c@table=\count197
\abovecaptionskip=\skip48
\belowcaptionskip=\skip49
\bibindent=\dimen140
)
(C:\Users\Ashutosh Mukherjee\AppData\Local\Programs\MiKTeX\tex/latex/preview\pr
eview.sty
Package: preview 2024/06/30 14.0.6 (AUCTeX/preview-latex)

(C:\Users\Ashutosh Mukherjee\AppData\Local\Programs\MiKTeX\tex/latex/luatex85\l
uatex85.sty
Package: luatex85 2016/06/15 v1.4 pdftex aliases for luatex
)
(C:\Users\Ashutosh Mukherjee\AppData\Local\Programs\MiKTeX\tex/latex/preview\pr
tightpage.def
\PreviewBorder=\dimen141
)
\pr@snippet=\count198
\pr@box=\box51
\pr@output=\toks19
))
(C:\Users\Ashutosh Mukherjee\AppData\Local\Programs\MiKTeX\tex/latex/pgf/fronte
ndlayer\tikz.sty
(C:\Users\Ashutosh Mukherjee\AppData\Local\Programs\MiKTeX\tex/latex/pgf/basicl
ayer\pgf.sty
(C:\Users\Ashutosh Mukherjee\AppData\Local\Programs\MiKTeX\tex/latex/pgf/utilit
ies\pgfrcs.sty
(C:\Users\Ashutosh Mukherjee\AppData\Local\Programs\MiKTeX\tex/generic/pgf/util
ities\pgfutil-common.tex
\pgfutil@everybye=\toks20
\pgfutil@tempdima=\dimen142
\pgfutil@tempdimb=\dimen143
)
(C:\Users\Ashutosh Mukherjee\AppData\Local\Programs\MiKTeX\tex/generic/pgf/util
ities\pgfutil-latex.def
\pgfutil@abb=\box52
)
(C:\Users\Ashutosh Mukherjee\AppData\Local\Programs\MiKTeX\tex/generic/pgf/util
ities\pgfrcs.code.tex
(C:\Users\Ashutosh Mukherjee\AppData\Local\Programs\MiKTeX\tex/generic/pgf\pgf.
revision.tex)
Package: pgfrcs 2023-01-15 v3.1.10 (3.1.10)
))
Package: pgf 2023-01-15 v3.1.10 (3.1.10)

(C:\Users\Ashutosh Mukherjee\AppData\Local\Programs\MiKTeX\tex/latex/pgf/basicl
ayer\pgfcore.sty
(C:\Users\Ashutosh Mukherjee\AppData\Local\Programs\MiKTeX\tex/latex/graphics\g
raphicx.sty
Package: graphicx 2021/09/16 v1.2d Enhanced LaTeX Graphics (DPC,SPQR)

(C:\Users\Ashutosh Mukherjee\AppData\Local\Programs\MiKTeX\tex/latex/graphics\g
raphics.sty
Package: graphics 2022/03/10 v1.4e Standard LaTeX Graphics (DPC,SPQR)

(C:\Users\Ashutosh Mukherjee\AppData\Local\Programs\MiKTeX\tex/latex/graphics\t
rig.sty
Package: trig 2021/08/11 v1.11 sin cos tan (DPC)
)
(C:\Users\Ashutosh Mukherjee\AppData\Local\Programs\MiKTeX\tex/latex/graphics-c
fg\graphics.cfg
File: graphics.cfg 2016/06/04 v1.11 sample graphics configuration
)
Package graphics Info: Driver file: pdftex.def on input line 107.

(C:\Users\Ashutosh Mukherjee\AppData\Local\Programs\MiKTeX\tex/latex/graphics-d
ef\pdftex.def
File: pdftex.def 2022/09/22 v1.2b Graphics/color driver for pdftex
))
\Gin@req@height=\dimen144
\Gin@req@width=\dimen145
)
(C:\Users\Ashutosh Mukherjee\AppData\Local\Programs\MiKTeX\tex/latex/pgf/system
layer\pgfsys.sty
(C:\Users\Ashutosh Mukherjee\AppData\Local\Programs\MiKTeX\tex/generic/pgf/syst
emlayer\pgfsys.code.tex
Package: pgfsys 2023-01-15 v3.1.10 (3.1.10)

(C:\Users\Ashutosh Mukherjee\AppData\Local\Programs\MiKTeX\tex/generic/pgf/util
ities\pgfkeys.code.tex
\pgfkeys@pathtoks=\toks21
\pgfkeys@temptoks=\toks22

(C:\Users\Ashutosh Mukherjee\AppData\Local\Programs\MiKTeX\tex/generic/pgf/util
ities\pgfkeyslibraryfiltered.code.tex
\pgfkeys@tmptoks=\toks23
))
\pgf@x=\dimen146
\pgf@y=\dimen147
\pgf@xa=\dimen148
\pgf@ya=\dimen149
\pgf@xb=\dimen150
\pgf@yb=\dimen151
\pgf@xc=\dimen152
\pgf@yc=\dimen153
\pgf@xd=\dimen154
\pgf@yd=\dimen155
\w@pgf@writea=\write3
\r@pgf@reada=\read2
\c@pgf@counta=\count199
\c@pgf@countb=\count266
\c@pgf@countc=\count267
\c@pgf@countd=\count268
\t@pgf@toka=\toks24
\t@pgf@tokb=\toks25
\t@pgf@tokc=\toks26
\pgf@sys@id@count=\count269

(C:\Users\Ashutosh Mukherjee\AppData\Local\Programs\MiKTeX\tex/generic/pgf/syst
emlayer\pgf.cfg
File: pgf.cfg 2023-01-15 v3.1.10 (3.1.10)
)
Driver file for pgf: pgfsys-pdftex.def

(C:\Users\Ashutosh Mukherjee\AppData\Local\Programs\MiKTeX\tex/generic/pgf/syst
emlayer\pgfsys-pdftex.def
File: pgfsys-pdftex.def 2023-01-15 v3.1.10 (3.1.10)

(C:\Users\Ashutosh Mukherjee\AppData\Local\Programs\MiKTeX\tex/generic/pgf/syst
emlayer\pgfsys-common-pdf.def
File: pgfsys-common-pdf.def 2023-01-15 v3.1.10 (3.1.10)
)))
(C:\Users\Ashutosh Mukherjee\AppData\Local\Programs\MiKTeX\tex/generic/pgf/syst
emlayer\pgfsyssoftpath.code.tex
File: pgfsyssoftpath.code.tex 2023-01-15 v3.1.10 (3.1.10)
\pgfsyssoftpath@smallbuffer@items=\count270
\pgfsyssoftpath@bigbuffer@items=\count271
)
(C:\Users\Ashutosh Mukherjee\AppData\Local\Programs\MiKTeX\tex/generic/pgf/syst
emlayer\pgfsysprotocol.code.tex
File: pgfsysprotocol.code.tex 2023-01-15 v3.1.10 (3.1.10)
))
(C:\Users\Ashutosh Mukherjee\AppData\Local\Programs\MiKTeX\tex/latex/xcolor\xco
lor.sty
Package: xcolor 2023/11/15 v3.01 LaTeX color extensions (UK)

(C:\Users\Ashutosh Mukherjee\AppData\Local\Programs\MiKTeX\tex/latex/graphics-c
fg\color.cfg
File: color.cfg 2016/01/02 v1.6 sample color configuration
)
Package xcolor Info: Driver file: pdftex.def on input line 274.

(C:\Users\Ashutosh Mukherjee\AppData\Local\Programs\MiKTeX\tex/latex/graphics\m
athcolor.ltx)
Package xcolor Info: Model `cmy' substituted by `cmy0' on input line 1350.
Package xcolor Info: Model `hsb' substituted by `rgb' on input line 1354.
Package xcolor Info: Model `RGB' extended on input line 1366.
Package xcolor Info: Model `HTML' substituted by `rgb' on input line 1368.
Package xcolor Info: Model `Hsb' substituted by `hsb' on input line 1369.
Package xcolor Info: Model `tHsb' substituted by `hsb' on input line 1370.
Package xcolor Info: Model `HSB' substituted by `hsb' on input line 1371.
Package xcolor Info: Model `Gray' substituted by `gray' on input line 1372.
Package xcolor Info: Model `wave' substituted by `hsb' on input line 1373.
)
(C:\Users\Ashutosh Mukherjee\AppData\Local\Programs\MiKTeX\tex/generic/pgf/basi
clayer\pgfcore.code.tex
Package: pgfcore 2023-01-15 v3.1.10 (3.1.10)

(C:\Users\Ashutosh Mukherjee\AppData\Local\Programs\MiKTeX\tex/generic/pgf/math
\pgfmath.code.tex
(C:\Users\Ashutosh Mukherjee\AppData\Local\Programs\MiKTeX\tex/generic/pgf/math
\pgfmathutil.code.tex)
(C:\Users\Ashutosh Mukherjee\AppData\Local\Programs\MiKTeX\tex/generic/pgf/math
\pgfmathparser.code.tex
\pgfmath@dimen=\dimen156
\pgfmath@count=\count272
\pgfmath@box=\box53
\pgfmath@toks=\toks27
\pgfmath@stack@operand=\toks28
\pgfmath@stack@operation=\toks29
)
(C:\Users\Ashutosh Mukherjee\AppData\Local\Programs\MiKTeX\tex/generic/pgf/math
\pgfmathfunctions.code.tex)
(C:\Users\Ashutosh Mukherjee\AppData\Local\Programs\MiKTeX\tex/generic/pgf/math
\pgfmathfunctions.basic.code.tex)
(C:\Users\Ashutosh Mukherjee\AppData\Local\Programs\MiKTeX\tex/generic/pgf/math
\pgfmathfunctions.trigonometric.code.tex)
(C:\Users\Ashutosh Mukherjee\AppData\Local\Programs\MiKTeX\tex/generic/pgf/math
\pgfmathfunctions.random.code.tex)
(C:\Users\Ashutosh Mukherjee\AppData\Local\Programs\MiKTeX\tex/generic/pgf/math
\pgfmathfunctions.comparison.code.tex)
(C:\Users\Ashutosh Mukherjee\AppData\Local\Programs\MiKTeX\tex/generic/pgf/math
\pgfmathfunctions.base.code.tex)
(C:\Users\Ashutosh Mukherjee\AppData\Local\Programs\MiKTeX\tex/generic/pgf/math
\pgfmathfunctions.round.code.tex)
(C:\Users\Ashutosh Mukherjee\AppData\Local\Programs\MiKTeX\tex/generic/pgf/math
\pgfmathfunctions.misc.code.tex)
(C:\Users\Ashutosh Mukherjee\AppData\Local\Programs\MiKTeX\tex/generic/pgf/math
\pgfmathfunctions.integerarithmetics.code.tex)
(C:\Users\Ashutosh Mukherjee\AppData\Local\Programs\MiKTeX\tex/generic/pgf/math
\pgfmathcalc.code.tex)
(C:\Users\Ashutosh Mukherjee\AppData\Local\Programs\MiKTeX\tex/generic/pgf/math
\pgfmathfloat.code.tex
\c@pgfmathroundto@lastzeros=\count273
))
(C:\Users\Ashutosh Mukherjee\AppData\Local\Programs\MiKTeX\tex/generic/pgf/math
\pgfint.code.tex)
(C:\Users\Ashutosh Mukherjee\AppData\Local\Programs\MiKTeX\tex/generic/pgf/basi
clayer\pgfcorepoints.code.tex
File: pgfcorepoints.code.tex 2023-01-15 v3.1.10 (3.1.10)
\pgf@picminx=\dimen157
\pgf@picmaxx=\dimen158
\pgf@picminy=\dimen159
\pgf@picmaxy=\dimen160
\pgf@pathminx=\dimen161
\pgf@pathmaxx=\dimen162
\pgf@pathminy=\dimen163
\pgf@pathmaxy=\dimen164
\pgf@xx=\dimen165
\pgf@xy=\dimen166
\pgf@yx=\dimen167
\pgf@yy=\dimen168
\pgf@zx=\dimen169
\pgf@zy=\dimen170
)
(C:\Users\Ashutosh Mukherjee\AppData\Local\Programs\MiKTeX\tex/generic/pgf/basi
clayer\pgfcorepathconstruct.code.tex
File: pgfcorepathconstruct.code.tex 2023-01-15 v3.1.10 (3.1.10)
\pgf@path@lastx=\dimen171
\pgf@path@lasty=\dimen172
)
(C:\Users\Ashutosh Mukherjee\AppData\Local\Programs\MiKTeX\tex/generic/pgf/basi
clayer\pgfcorepathusage.code.tex
File: pgfcorepathusage.code.tex 2023-01-15 v3.1.10 (3.1.10)
\pgf@shorten@end@additional=\dimen173
\pgf@shorten@start@additional=\dimen174
)
(C:\Users\Ashutosh Mukherjee\AppData\Local\Programs\MiKTeX\tex/generic/pgf/basi
clayer\pgfcorescopes.code.tex
File: pgfcorescopes.code.tex 2023-01-15 v3.1.10 (3.1.10)
\pgfpic=\box54
\pgf@hbox=\box55
\pgf@layerbox@main=\box56
\pgf@picture@serial@count=\count274
)
(C:\Users\Ashutosh Mukherjee\AppData\Local\Programs\MiKTeX\tex/generic/pgf/basi
clayer\pgfcoregraphicstate.code.tex
File: pgfcoregraphicstate.code.tex 2023-01-15 v3.1.10 (3.1.10)
\pgflinewidth=\dimen175
)
(C:\Users\Ashutosh Mukherjee\AppData\Local\Programs\MiKTeX\tex/generic/pgf/basi
clayer\pgfcoretransformations.code.tex
File: pgfcoretransformations.code.tex 2023-01-15 v3.1.10 (3.1.10)
\pgf@pt@x=\dimen176
\pgf@pt@y=\dimen177
\pgf@pt@temp=\dimen178
)
(C:\Users\Ashutosh Mukherjee\AppData\Local\Programs\MiKTeX\tex/generic/pgf/basi
clayer\pgfcorequick.code.tex
File: pgfcorequick.code.tex 2023-01-15 v3.1.10 (3.1.10)
)
(C:\Users\Ashutosh Mukherjee\AppData\Local\Programs\MiKTeX\tex/generic/pgf/basi
clayer\pgfcoreobjects.code.tex
File: pgfcoreobjects.code.tex 2023-01-15 v3.1.10 (3.1.10)
)
(C:\Users\Ashutosh Mukherjee\AppData\Local\Programs\MiKTeX\tex/generic/pgf/basi
clayer\pgfcorepathprocessing.code.tex
File: pgfcorepathprocessing.code.tex 2023-01-15 v3.1.10 (3.1.10)
)
(C:\Users\Ashutosh Mukherjee\AppData\Local\Programs\MiKTeX\tex/generic/pgf/basi
clayer\pgfcorearrows.code.tex
File: pgfcorearrows.code.tex 2023-01-15 v3.1.10 (3.1.10)
\pgfarrowsep=\dimen179
)
(C:\Users\Ashutosh Mukherjee\AppData\Local\Programs\MiKTeX\tex/generic/pgf/basi
clayer\pgfcoreshade.code.tex
File: pgfcoreshade.code.tex 2023-01-15 v3.1.10 (3.1.10)
\pgf@max=\dimen180
\pgf@sys@shading@range@num=\count275
\pgf@shadingcount=\count276
)
(C:\Users\Ashutosh Mukherjee\AppData\Local\Programs\MiKTeX\tex/generic/pgf/basi
clayer\pgfcoreimage.code.tex
File: pgfcoreimage.code.tex 2023-01-15 v3.1.10 (3.1.10)
)
(C:\Users\Ashutosh Mukherjee\AppData\Local\Programs\MiKTeX\tex/generic/pgf/basi
clayer\pgfcoreexternal.code.tex
File: pgfcoreexternal.code.tex 2023-01-15 v3.1.10 (3.1.10)
\pgfexternal@startupbox=\box57
)
(C:\Users\Ashutosh Mukherjee\AppData\Local\Programs\MiKTeX\tex/generic/pgf/basi
clayer\pgfcorelayers.code.tex
File: pgfcorelayers.code.tex 2023-01-15 v3.1.10 (3.1.10)
)
(C:\Users\Ashutosh Mukherjee\AppData\Local\Programs\MiKTeX\tex/generic/pgf/basi
clayer\pgfcoretransparency.code.tex
File: pgfcoretransparency.code.tex 2023-01-15 v3.1.10 (3.1.10)
)
(C:\Users\Ashutosh Mukherjee\AppData\Local\Programs\MiKTeX\tex/generic/pgf/basi
clayer\pgfcorepatterns.code.tex
File: pgfcorepatterns.code.tex 2023-01-15 v3.1.10 (3.1.10)
)
(C:\Users\Ashutosh Mukherjee\AppData\Local\Programs\MiKTeX\tex/generic/pgf/basi
clayer\pgfcorerdf.code.tex
File: pgfcorerdf.code.tex 2023-01-15 v3.1.10 (3.1.10)
)))
(C:\Users\Ashutosh Mukherjee\AppData\Local\Programs\MiKTeX\tex/generic/pgf/modu
les\pgfmoduleshapes.code.tex
File: pgfmoduleshapes.code.tex 2023-01-15 v3.1.10 (3.1.10)
\pgfnodeparttextbox=\box58
)
(C:\Users\Ashutosh Mukherjee\AppData\Local\Programs\MiKTeX\tex/generic/pgf/modu
les\pgfmoduleplot.code.tex
File: pgfmoduleplot.code.tex 2023-01-15 v3.1.10 (3.1.10)
)
(C:\Users\Ashutosh Mukherjee\AppData\Local\Programs\MiKTeX\tex/latex/pgf/compat
ibility\pgfcomp-version-0-65.sty
Package: pgfcomp-version-0-65 2023-01-15 v3.1.10 (3.1.10)
\pgf@nodesepstart=\dimen181
\pgf@nodesepend=\dimen182
)
(C:\Users\Ashutosh Mukherjee\AppData\Local\Programs\MiKTeX\tex/latex/pgf/compat
ibility\pgfcomp-version-1-18.sty
Package: pgfcomp-version-1-18 2023-01-15 v3.1.10 (3.1.10)
))
(C:\Users\Ashutosh Mukherjee\AppData\Local\Programs\MiKTeX\tex/latex/pgf/utilit
ies\pgffor.sty
(C:\Users\Ashutosh Mukherjee\AppData\Local\Programs\MiKTeX\tex/latex/pgf/utilit
ies\pgfkeys.sty
(C:\Users\Ashutosh Mukherjee\AppData\Local\Programs\MiKTeX\tex/generic/pgf/util
ities\pgfkeys.code.tex))
(C:\Users\Ashutosh Mukherjee\AppData\Local\Programs\MiKTeX\tex/latex/pgf/math\p
gfmath.sty
(C:\Users\Ashutosh Mukherjee\AppData\Local\Programs\MiKTeX\tex/generic/pgf/math
\pgfmath.code.tex))
(C:\Users\Ashutosh Mukherjee\AppData\Local\Programs\MiKTeX\tex/generic/pgf/util
ities\pgffor.code.tex
Package: pgffor 2023-01-15 v3.1.10 (3.1.10)
\pgffor@iter=\dimen183
\pgffor@skip=\dimen184
\pgffor@stack=\toks30
\pgffor@toks=\toks31
))
(C:\Users\Ashutosh Mukherjee\AppData\Local\Programs\MiKTeX\tex/generic/pgf/fron
tendlayer/tikz\tikz.code.tex
Package: tikz 2023-01-15 v3.1.10 (3.1.10)

(C:\Users\Ashutosh Mukherjee\AppData\Local\Programs\MiKTeX\tex/generic/pgf/libr
aries\pgflibraryplothandlers.code.tex
File: pgflibraryplothandlers.code.tex 2023-01-15 v3.1.10 (3.1.10)
\pgf@plot@mark@count=\count277
\pgfplotmarksize=\dimen185
)
\tikz@lastx=\dimen186
\tikz@lasty=\dimen187
\tikz@lastxsaved=\dimen188
\tikz@lastysaved=\dimen189
\tikz@lastmovetox=\dimen190
\tikz@lastmovetoy=\dimen191
\tikzleveldistance=\dimen192
\tikzsiblingdistance=\dimen193
\tikz@figbox=\box59
\tikz@figbox@bg=\box60
\tikz@tempbox=\box61
\tikz@tempbox@bg=\box62
\tikztreelevel=\count278
\tikznumberofchildren=\count279
\tikznumberofcurrentchild=\count280
\tikz@fig@count=\count281

(C:\Users\Ashutosh Mukherjee\AppData\Local\Programs\MiKTeX\tex/generic/pgf/modu
les\pgfmodulematrix.code.tex
File: pgfmodulematrix.code.tex 2023-01-15 v3.1.10 (3.1.10)
\pgfmatrixcurrentrow=\count282
\pgfmatrixcurrentcolumn=\count283
\pgf@matrix@numberofcolumns=\count284
)
\tikz@expandcount=\count285

(C:\Users\Ashutosh Mukherjee\AppData\Local\Programs\MiKTeX\tex/generic/pgf/fron
tendlayer/tikz/libraries\tikzlibrarytopaths.code.tex
File: tikzlibrarytopaths.code.tex 2023-01-15 v3.1.10 (3.1.10)
)))
(C:\Users\Ashutosh Mukherjee\AppData\Local\Programs\MiKTeX\tex/latex/pgfplots\p
gfplots.sty
(C:\Users\Ashutosh Mukherjee\AppData\Local\Programs\MiKTeX\tex/generic/pgfplots
\pgfplots.revision.tex)
Package: pgfplots 2021/05/15 v1.18.1 Data Visualization (1.18.1)

(C:\Users\Ashutosh Mukherjee\AppData\Local\Programs\MiKTeX\tex/generic/pgfplots
\pgfplots.code.tex
(C:\Users\Ashutosh Mukherjee\AppData\Local\Programs\MiKTeX\tex/generic/pgfplots
\pgfplotscore.code.tex
\t@pgfplots@toka=\toks32
\t@pgfplots@tokb=\toks33
\t@pgfplots@tokc=\toks34
\pgfplots@tmpa=\dimen194
\c@pgfplots@coordindex=\count286
\c@pgfplots@scanlineindex=\count287

(C:\Users\Ashutosh Mukherjee\AppData\Local\Programs\MiKTeX\tex/generic/pgfplots
/sys\pgfplotssysgeneric.code.tex))
(C:\Users\Ashutosh Mukherjee\AppData\Local\Programs\MiKTeX\tex/generic/pgfplots
/libs\pgfplotslibrary.code.tex)
(C:\Users\Ashutosh Mukherjee\AppData\Local\Programs\MiKTeX\tex/generic/pgfplots
/oldpgfcompatib\pgfplotsoldpgfsupp_loader.code.tex
(C:\Users\Ashutosh Mukherjee\AppData\Local\Programs\MiKTeX\tex/generic/pgf/libr
aries\pgflibraryfpu.code.tex)
Package pgfplots: loading complementary utilities for your pgf version...
\t@pgf@toka=\toks35
\t@pgf@tokb=\toks36
\t@pgf@tokc=\toks37

(C:\Users\Ashutosh Mukherjee\AppData\Local\Programs\MiKTeX\tex/generic/pgfplots
/oldpgfcompatib\pgfplotsoldpgfsupp_pgfutil-common-lists.tex))
(C:\Users\Ashutosh Mukherjee\AppData\Local\Programs\MiKTeX\tex/generic/pgfplots
/util\pgfplotsutil.code.tex
(C:\Users\Ashutosh Mukherjee\AppData\Local\Programs\MiKTeX\tex/generic/pgfplots
/liststructure\pgfplotsliststructure.code.tex)
(C:\Users\Ashutosh Mukherjee\AppData\Local\Programs\MiKTeX\tex/generic/pgfplots
/liststructure\pgfplotsliststructureext.code.tex)
(C:\Users\Ashutosh Mukherjee\AppData\Local\Programs\MiKTeX\tex/generic/pgfplots
/liststructure\pgfplotsarray.code.tex
\c@pgfplotsarray@tmp=\count288
)
(C:\Users\Ashutosh Mukherjee\AppData\Local\Programs\MiKTeX\tex/generic/pgfplots
/liststructure\pgfplotsmatrix.code.tex)
(C:\Users\Ashutosh Mukherjee\AppData\Local\Programs\MiKTeX\tex/generic/pgfplots
/numtable\pgfplotstableshared.code.tex
\c@pgfplotstable@counta=\count289
\t@pgfplotstable@a=\toks38
)
(C:\Users\Ashutosh Mukherjee\AppData\Local\Programs\MiKTeX\tex/generic/pgfplots
/liststructure\pgfplotsdeque.code.tex)
(C:\Users\Ashutosh Mukherjee\AppData\Local\Programs\MiKTeX\tex/generic/pgfplots
/util\pgfplotsbinary.code.tex
(C:\Users\Ashutosh Mukherjee\AppData\Local\Programs\MiKTeX\tex/generic/pgfplots
/util\pgfplotsbinary.data.code.tex))
(C:\Users\Ashutosh Mukherjee\AppData\Local\Programs\MiKTeX\tex/generic/pgfplots
/util\pgfplotsutil.verb.code.tex)
(C:\Users\Ashutosh Mukherjee\AppData\Local\Programs\MiKTeX\tex/generic/pgfplots
/libs\pgflibrarypgfplots.surfshading.code.tex
\c@pgfplotslibrarysurf@no=\count290

(C:\Users\Ashutosh Mukherjee\AppData\Local\Programs\MiKTeX\tex/generic/pgfplots
/sys\pgflibrarypgfplots.surfshading.pgfsys-pdftex.def)))
(C:\Users\Ashutosh Mukherjee\AppData\Local\Programs\MiKTeX\tex/generic/pgfplots
/util\pgfplotscolormap.code.tex
(C:\Users\Ashutosh Mukherjee\AppData\Local\Programs\MiKTeX\tex/generic/pgfplots
/util\pgfplotscolor.code.tex))
(C:\Users\Ashutosh Mukherjee\AppData\Local\Programs\MiKTeX\tex/generic/pgfplots
\pgfplotsstackedplots.code.tex)
(C:\Users\Ashutosh Mukherjee\AppData\Local\Programs\MiKTeX\tex/generic/pgfplots
\pgfplotsplothandlers.code.tex
(C:\Users\Ashutosh Mukherjee\AppData\Local\Programs\MiKTeX\tex/generic/pgfplots
\pgfplotsmeshplothandler.code.tex
(C:\Users\Ashutosh Mukherjee\AppData\Local\Programs\MiKTeX\tex/generic/pgfplots
\pgfplotsmeshplotimage.code.tex)))
(C:\Users\Ashutosh Mukherjee\AppData\Local\Programs\MiKTeX\tex/generic/pgfplots
\pgfplots.scaling.code.tex)
(C:\Users\Ashutosh Mukherjee\AppData\Local\Programs\MiKTeX\tex/generic/pgfplots
\pgfplotscoordprocessing.code.tex)
(C:\Users\Ashutosh Mukherjee\AppData\Local\Programs\MiKTeX\tex/generic/pgfplots
\pgfplots.errorbars.code.tex)
(C:\Users\Ashutosh Mukherjee\AppData\Local\Programs\MiKTeX\tex/generic/pgfplots
\pgfplots.markers.code.tex)
(C:\Users\Ashutosh Mukherjee\AppData\Local\Programs\MiKTeX\tex/generic/pgfplots
\pgfplotsticks.code.tex)
(C:\Users\Ashutosh Mukherjee\AppData\Local\Programs\MiKTeX\tex/generic/pgfplots
\pgfplots.paths.code.tex)
(C:\Users\Ashutosh Mukherjee\AppData\Local\Programs\MiKTeX\tex/generic/pgf/fron
tendlayer/tikz/libraries\tikzlibrarydecorations.code.tex
(C:\Users\Ashutosh Mukherjee\AppData\Local\Programs\MiKTeX\tex/generic/pgf/modu
les\pgfmoduledecorations.code.tex
\pgfdecoratedcompleteddistance=\dimen195
\pgfdecoratedremainingdistance=\dimen196
\pgfdecoratedinputsegmentcompleteddistance=\dimen197
\pgfdecoratedinputsegmentremainingdistance=\dimen198
\pgf@decorate@distancetomove=\dimen199
\pgf@decorate@repeatstate=\count291
\pgfdecorationsegmentamplitude=\dimen256
\pgfdecorationsegmentlength=\dimen257
)
\tikz@lib@dec@box=\box63
)
(C:\Users\Ashutosh Mukherjee\AppData\Local\Programs\MiKTeX\tex/generic/pgf/fron
tendlayer/tikz/libraries\tikzlibrarydecorations.pathmorphing.code.tex
(C:\Users\Ashutosh Mukherjee\AppData\Local\Programs\MiKTeX\tex/generic/pgf/libr
aries/decorations\pgflibrarydecorations.pathmorphing.code.tex))
(C:\Users\Ashutosh Mukherjee\AppData\Local\Programs\MiKTeX\tex/generic/pgf/fron
tendlayer/tikz/libraries\tikzlibrarydecorations.pathreplacing.code.tex
(C:\Users\Ashutosh Mukherjee\AppData\Local\Programs\MiKTeX\tex/generic/pgf/libr
aries/decorations\pgflibrarydecorations.pathreplacing.code.tex))
(C:\Users\Ashutosh Mukherjee\AppData\Local\Programs\MiKTeX\tex/generic/pgfplots
/libs\tikzlibrarypgfplots.contourlua.code.tex)
\pgfplots@numplots=\count292
\pgfplots@xmin@reg=\dimen258
\pgfplots@xmax@reg=\dimen259
\pgfplots@ymin@reg=\dimen260
\pgfplots@ymax@reg=\dimen261
\pgfplots@zmin@reg=\dimen262
\pgfplots@zmax@reg=\dimen263
)
(C:\Users\Ashutosh Mukherjee\AppData\Local\Programs\MiKTeX\tex/generic/pgf/fron
tendlayer/tikz/libraries\tikzlibraryplotmarks.code.tex
File: tikzlibraryplotmarks.code.tex 2023-01-15 v3.1.10 (3.1.10)

(C:\Users\Ashutosh Mukherjee\AppData\Local\Programs\MiKTeX\tex/generic/pgf/libr
aries\pgflibraryplotmarks.code.tex
File: pgflibraryplotmarks.code.tex 2023-01-15 v3.1.10 (3.1.10)
)))
(C:\Users\Ashutosh Mukherjee\AppData\Local\Programs\MiKTeX\tex/latex/l3backend\
l3backend-pdftex.def
File: l3backend-pdftex.def 2024-01-04 L3 backend support: PDF output (pdfTeX)
\l__color_backend_stack_int=\count293
\l__pdf_internal_box=\box64
) (vectorRaster_standalone.aux)
\openout1 = `vectorRaster_standalone.aux'.

LaTeX Font Info:    Checking defaults for OML/cmm/m/it on input line 5.
LaTeX Font Info:    ... okay on input line 5.
LaTeX Font Info:    Checking defaults for OMS/cmsy/m/n on input line 5.
LaTeX Font Info:    ... okay on input line 5.
LaTeX Font Info:    Checking defaults for OT1/cmr/m/n on input line 5.
LaTeX Font Info:    ... okay on input line 5.
LaTeX Font Info:    Checking defaults for T1/cmr/m/n on input line 5.
LaTeX Font Info:    ... okay on input line 5.
LaTeX Font Info:    Checking defaults for TS1/cmr/m/n on input line 5.
LaTeX Font Info:    ... okay on input line 5.
LaTeX Font Info:    Checking defaults for OMX/cmex/m/n on input line 5.
LaTeX Font Info:    ... okay on input line 5.
LaTeX Font Info:    Checking defaults for U/cmr/m/n on input line 5.
LaTeX Font Info:    ... okay on input line 5.

Preview: Fontsize 10pt
Preview: PDFoutput 1

(C:\Users\Ashutosh Mukherjee\AppData\Local\Programs\MiKTeX\tex/context/base/mki
i\supp-pdf.mkii
[Loading MPS to PDF converter (version 2006.09.02).]
\scratchcounter=\count294
\scratchdimen=\dimen264
\scratchbox=\box65
\nofMPsegments=\count295
\nofMParguments=\count296
\everyMPshowfont=\toks39
\MPscratchCnt=\count297
\MPscratchDim=\dimen265
\MPnumerator=\count298
\makeMPintoPDFobject=\count299
\everyMPtoPDFconversion=\toks40
)
(C:\Users\Ashutosh Mukherjee\AppData\Local\Programs\MiKTeX\tex/latex/epstopdf-p
kg\epstopdf-base.sty
Package: epstopdf-base 2020-01-24 v2.11 Base part for package epstopdf
Package epstopdf-base Info: Redefining graphics rule for `.eps' on input line 4
85.

(C:\Users\Ashutosh Mukherjee\AppData\Local\Programs\MiKTeX\tex/latex/00miktex\e
pstopdf-sys.cfg
File: epstopdf-sys.cfg 2021/03/18 v2.0 Configuration of epstopdf for MiKTeX
))

Package pgfplots Warning: running in backwards compatibility mode (unsuitable t
ick labels; missing features). Consider writing \pgfplotsset{compat=1.18} into 
your preamble.
 on input line 5.

(mekf.tex
LaTeX Font Info:    Calculating math sizes for size <17> on input line 1085.


LaTeX Font Warning: Font shape `OT1/cmr/m/n' in size <8.5> not available
(Font)              size <8> substituted on input line 1085.


LaTeX Font Warning: Font shape `OML/cmm/m/it' in size <8.5> not available
(Font)              size <8> substituted on input line 1085.


LaTeX Font Warning: Font shape `OMS/cmsy/m/n' in size <8.5> not available
(Font)              size <8> substituted on input line 1085.

LaTeX Font Info:    External font `cmex10' loaded for size
(Font)              <17> on input line 1085.
LaTeX Font Info:    External font `cmex10' loaded for size
(Font)              <11.89995> on input line 1085.
LaTeX Font Info:    External font `cmex10' loaded for size
(Font)              <8.5> on input line 1085.
)
<mekf.png, id=4, 569.12625pt x 370.38374pt>
File: mekf.png Graphic file (type png)
<use mekf.png>
Package pdftex.def Info: mekf.png  used on input line 12.
(pdftex.def)             Requested size: 569.12486pt x 370.38283pt.

Preview: Tightpage 0 0 0 0
[1{C:/Users/Ashutosh Mukherjee/AppData/Local/MiKTeX/fonts/map/pdftex/pdftex.map
} <./mekf.png (PNG copy)>] (vectorRaster_standalone.aux)
 ***********
LaTeX2e <2023-11-01> patch level 1
L3 programming layer <2024-01-04>
 ***********


LaTeX Font Warning: Size substitutions with differences
(Font)              up to 0.5pt have occurred.

 ) 
Here is how much of TeX's memory you used:
 22885 strings out of 474486
 619860 string characters out of 5737583
 1941542 words of memory out of 5000000
 44825 multiletter control sequences out of 15000+600000
 560808 words of font info for 45 fonts, out of 8000000 for 9000
 1141 hyphenation exceptions out of 8191
 102i,20n,107p,737b,2375s stack positions out of 10000i,1000n,20000p,200000b,200000s
<C:/Users/Ashutosh Mukherjee/AppData/Local/Programs/MiKTeX/fonts/type1/public
/amsfonts/cm/cmmi12.pfb><C:/Users/Ashutosh Mukherjee/AppData/Local/Programs/MiK
TeX/fonts/type1/public/amsfonts/cm/cmr12.pfb><C:/Users/Ashutosh Mukherjee/AppDa
ta/Local/Programs/MiKTeX/fonts/type1/public/amsfonts/cm/cmr17.pfb><C:/Users/Ash
utosh Mukherjee/AppData/Local/Programs/MiKTeX/fonts/type1/public/amsfonts/cm/cm
sy10.pfb>
Output written on vectorRaster_standalone.pdf (1 page, 76826 bytes).
PDF statistics:
 30 PDF objects out of 1000 (max. 8388607)
 0 named destinations out of 1000 (max. 500000)
 18 words of extra memory for PDF output out of 10000 (max. 10000000)

